<?xml version="1.0" encoding="UTF-8"?>
<!-- Generated by org.testng.reporters.JUnitXMLReporter -->
<testsuite hostname="Charupc" ignored="1" name="Default test" tests="2" failures="0" timestamp="2021-03-23T13:37:39 IST" time="193.502" errors="0">
  <testcase name="verifyplaceorder" time="55.713" classname="com.roofhub.qa.TestCases.OrderPageTest"/>
  <testcase name="verifyCancelOrder" time="65.853" classname="com.roofhub.qa.TestCases.OrderPageTest"/>
  <testcase name="verifyDraftOrder" time="0.0" classname="com.roofhub.qa.TestCases.OrderPageTest">
    <ignored/>
  </testcase> <!-- verifyDraftOrder -->
</testsuite> <!-- Default test -->
